[debug] [2022-12-31T02:22:12.286Z] ----------------------------------------------------------------------
[debug] [2022-12-31T02:22:12.287Z] Command:       /Users/jemg/.nvm/versions/node/v18.4.0/bin/node /Users/jemg/.nvm/versions/node/v18.4.0/bin/firebase emulators:start --only functions
[debug] [2022-12-31T02:22:12.287Z] CLI Version:   11.19.0
[debug] [2022-12-31T02:22:12.287Z] Platform:      darwin
[debug] [2022-12-31T02:22:12.287Z] Node Version:  v18.4.0
[debug] [2022-12-31T02:22:12.288Z] Time:          Fri Dec 30 2022 19:22:12 GMT-0700 (Mountain Standard Time)
[debug] [2022-12-31T02:22:12.288Z] ----------------------------------------------------------------------
[debug] 
[debug] [2022-12-31T02:22:12.354Z] > command requires scopes: ["email","openid","https://www.googleapis.com/auth/cloudplatformprojects.readonly","https://www.googleapis.com/auth/firebase","https://www.googleapis.com/auth/cloud-platform"]
[debug] [2022-12-31T02:22:12.354Z] > authorizing via signed-in user (jemg1210@gmail.com)
[info] i  emulators: Starting emulators: functions {"metadata":{"emulator":{"name":"hub"},"message":"Starting emulators: functions"}}
[debug] [2022-12-31T02:22:12.661Z] [logging] Logging Emulator only supports listening on one address (127.0.0.1). Not listening on ::1
[debug] [2022-12-31T02:22:12.661Z] assigned listening specs for emulators {"user":{"hub":[{"address":"127.0.0.1","family":"IPv4","port":4400},{"address":"::1","family":"IPv6","port":4400}],"ui":[{"address":"127.0.0.1","family":"IPv4","port":4000},{"address":"::1","family":"IPv6","port":4000}],"logging":[{"address":"127.0.0.1","family":"IPv4","port":4500}]},"metadata":{"message":"assigned listening specs for emulators"}}
[debug] [2022-12-31T02:22:12.667Z] [hub] writing locator at /var/folders/6q/b49630r96_995pkqf5f5dm9c0000gn/T/hub-mealstogo-2889e.json
[debug] [2022-12-31T02:22:12.870Z] [functions] Functions Emulator only supports listening on one address (127.0.0.1). Not listening on ::1
[debug] [2022-12-31T02:22:12.871Z] [eventarc] Eventarc Emulator only supports listening on one address (127.0.0.1). Not listening on ::1
[debug] [2022-12-31T02:22:12.871Z] late-assigned ports for functions and eventarc emulators {"user":{"hub":[{"address":"127.0.0.1","family":"IPv4","port":4400},{"address":"::1","family":"IPv6","port":4400}],"ui":[{"address":"127.0.0.1","family":"IPv4","port":4000},{"address":"::1","family":"IPv6","port":4000}],"logging":[{"address":"127.0.0.1","family":"IPv4","port":4500}],"functions":[{"address":"127.0.0.1","family":"IPv4","port":5001}],"eventarc":[{"address":"127.0.0.1","family":"IPv4","port":9299}]},"metadata":{"message":"late-assigned ports for functions and eventarc emulators"}}
[warn] ⚠  functions: The following emulators are not running, calls to these services from the Functions emulator will affect production: auth, firestore, database, hosting, pubsub, storage {"metadata":{"emulator":{"name":"functions"},"message":"The following emulators are not running, calls to these services from the Functions emulator will affect production: \u001b[1mauth, firestore, database, hosting, pubsub, storage\u001b[22m"}}
[warn] ⚠  Your requested "node" version "18.4.0" doesn't match your global version "18". Using node@18 from host. {"metadata":{"emulator":{"name":"functions"},"message":"Your requested \"node\" version \"18.4.0\" doesn't match your global version \"18\". Using node@18 from host."}}
[debug] [2022-12-31T02:22:12.884Z] defaultcredentials: writing to file /Users/jemg/.config/firebase/jemg1210_gmail_com_application_default_credentials.json
[debug] [2022-12-31T02:22:12.889Z] Setting GAC to /Users/jemg/.config/firebase/jemg1210_gmail_com_application_default_credentials.json {"metadata":{"emulator":{"name":"functions"},"message":"Setting GAC to /Users/jemg/.config/firebase/jemg1210_gmail_com_application_default_credentials.json"}}
[debug] [2022-12-31T02:22:12.890Z] >>> [apiv2][query] GET https://firebase.googleapis.com/v1beta1/projects/mealstogo-2889e/adminSdkConfig [none]
[debug] [2022-12-31T02:22:13.225Z] <<< [apiv2][status] GET https://firebase.googleapis.com/v1beta1/projects/mealstogo-2889e/adminSdkConfig 200
[debug] [2022-12-31T02:22:13.226Z] <<< [apiv2][body] GET https://firebase.googleapis.com/v1beta1/projects/mealstogo-2889e/adminSdkConfig {"projectId":"mealstogo-2889e","storageBucket":"mealstogo-2889e.appspot.com"}
[info] i  ui: downloading ui-v1.11.1.zip... {"metadata":{"emulator":{"name":"ui"},"message":"downloading ui-v1.11.1.zip..."}}
[debug] [2022-12-31T02:22:13.275Z] >>> [apiv2][query] GET https://storage.googleapis.com/firebase-preview-drop/emulator/ui-v1.11.1.zip 
[debug] [2022-12-31T02:22:13.736Z] <<< [apiv2][status] GET https://storage.googleapis.com/firebase-preview-drop/emulator/ui-v1.11.1.zip 200
[debug] [2022-12-31T02:22:13.736Z] <<< [apiv2][body] GET https://storage.googleapis.com/firebase-preview-drop/emulator/ui-v1.11.1.zip [stream]
[debug] [2022-12-31T02:22:17.230Z] Ignoring unsupported arg: auto_download {"metadata":{"emulator":{"name":"ui"},"message":"Ignoring unsupported arg: auto_download"}}
[debug] [2022-12-31T02:22:17.230Z] Ignoring unsupported arg: port {"metadata":{"emulator":{"name":"ui"},"message":"Ignoring unsupported arg: port"}}
[debug] [2022-12-31T02:22:17.230Z] Starting Emulator UI with command {"binary":"node","args":["/Users/jemg/.cache/firebase/emulators/ui-v1.11.1/server/server.js"],"optionalArgs":[],"joinArgs":false} {"metadata":{"emulator":{"name":"ui"},"message":"Starting Emulator UI with command {\"binary\":\"node\",\"args\":[\"/Users/jemg/.cache/firebase/emulators/ui-v1.11.1/server/server.js\"],\"optionalArgs\":[],\"joinArgs\":false}"}}
[info] i  ui: Emulator UI logging to ui-debug.log {"metadata":{"emulator":{"name":"ui"},"message":"Emulator UI logging to \u001b[1mui-debug.log\u001b[22m"}}
[debug] [2022-12-31T02:22:17.343Z] Web / API server started at 127.0.0.1:4000
 {"metadata":{"emulator":{"name":"ui"},"message":"Web / API server started at 127.0.0.1:4000\n"}}
[debug] [2022-12-31T02:22:17.343Z] Web / API server started at ::1:4000
 {"metadata":{"emulator":{"name":"ui"},"message":"Web / API server started at ::1:4000\n"}}
[info] i  functions: Watching "/Users/jemg/Desktop/projects/MealsToGo/functions" for Cloud Functions... {"metadata":{"emulator":{"name":"functions"},"message":"Watching \"/Users/jemg/Desktop/projects/MealsToGo/functions\" for Cloud Functions..."}}
[error] ⬢  functions: Failed to load function definition from source: FirebaseError: package.json in functions directory has an engines field which is unsupported. Valid choices are: {"node": 10|12|14|16}

Deploys to runtimes below Node.js 10 are now disabled in the Firebase CLI. Existing Node.js 8 functions will stop executing at a future date. Update existing functions to Node.js 10 or greater as soon as possible. {"metadata":{"emulator":{"name":"functions"},"message":"Failed to load function definition from source: FirebaseError: \u001b[1mpackage.json in functions directory has an engines field which is unsupported. Valid choices are: \u001b[1m{\"node\": 10|12|14|16}\u001b[22m\u001b[1m\u001b[22m\n\nDeploys to runtimes below Node.js 10 are now disabled in the Firebase CLI. \u001b[1mExisting Node.js 8 functions \u001b[4mwill stop executing at a future date\u001b[24m\u001b[22m. Update existing functions to Node.js 10 or greater as soon as possible."}}
[info] 
┌─────────────────────────────────────────────────────────────┐
│ ✔  All emulators ready! It is now safe to connect your app. │
│ i  View Emulator UI at http://127.0.0.1:4000/               │
└─────────────────────────────────────────────────────────────┘

┌───────────┬────────────────┬─────────────────────────────────┐
│ Emulator  │ Host:Port      │ View in Emulator UI             │
├───────────┼────────────────┼─────────────────────────────────┤
│ Functions │ 127.0.0.1:5001 │ http://127.0.0.1:4000/functions │
└───────────┴────────────────┴─────────────────────────────────┘
  Emulator Hub running at 127.0.0.1:4400
  Other reserved ports: 4500

Issues? Report them at https://github.com/firebase/firebase-tools/issues and attach the *-debug.log files.
 
[debug] [2022-12-31T02:22:47.249Z] File /Users/jemg/Desktop/projects/MealsToGo/functions/index.js changed, reloading triggers {"metadata":{"emulator":{"name":"functions"},"message":"File /Users/jemg/Desktop/projects/MealsToGo/functions/index.js changed, reloading triggers"}}
[error] ⬢  functions: Failed to load function definition from source: FirebaseError: package.json in functions directory has an engines field which is unsupported. Valid choices are: {"node": 10|12|14|16}

Deploys to runtimes below Node.js 10 are now disabled in the Firebase CLI. Existing Node.js 8 functions will stop executing at a future date. Update existing functions to Node.js 10 or greater as soon as possible. {"metadata":{"emulator":{"name":"functions"},"message":"Failed to load function definition from source: FirebaseError: \u001b[1mpackage.json in functions directory has an engines field which is unsupported. Valid choices are: \u001b[1m{\"node\": 10|12|14|16}\u001b[22m\u001b[1m\u001b[22m\n\nDeploys to runtimes below Node.js 10 are now disabled in the Firebase CLI. \u001b[1mExisting Node.js 8 functions \u001b[4mwill stop executing at a future date\u001b[24m\u001b[22m. Update existing functions to Node.js 10 or greater as soon as possible."}}
[debug] [2022-12-31T02:25:32.597Z] File /Users/jemg/Desktop/projects/MealsToGo/functions/package.json changed, reloading triggers {"metadata":{"emulator":{"name":"functions"},"message":"File /Users/jemg/Desktop/projects/MealsToGo/functions/package.json changed, reloading triggers"}}
[debug] [2022-12-31T02:25:33.601Z] Validating nodejs source
[warn] ⚠  functions: package.json indicates an outdated version of firebase-functions. Please upgrade using npm install --save firebase-functions@latest in your functions directory. 
[warn] ⚠  functions: Please note that there will be breaking changes when you upgrade. 
[debug] [2022-12-31T02:25:34.550Z] > [functions] package.json contents: {
  "name": "functions",
  "description": "Cloud Functions for Firebase",
  "scripts": {
    "serve": "firebase emulators:start --only functions",
    "shell": "firebase functions:shell",
    "start": "npm run shell",
    "deploy": "firebase deploy --only functions",
    "logs": "firebase functions:log"
  },
  "engines": {
    "node": "16"
  },
  "main": "index.js",
  "dependencies": {
    "firebase-admin": "^10.0.2",
    "firebase-functions": "^3.18.0"
  },
  "devDependencies": {
    "firebase-functions-test": "^0.2.0"
  },
  "private": true
}
[debug] [2022-12-31T02:25:34.550Z] Building nodejs source
[debug] [2022-12-31T02:25:34.551Z] Could not find functions.yaml. Must use http discovery
[debug] [2022-12-31T02:25:34.954Z] Serving at port 9005

[debug] [2022-12-31T02:25:34.983Z] Got response from /__/functions.yaml {"endpoints":{"helloWorld":{"platform":"gcfv1","httpsTrigger":{},"entryPoint":"helloWorld"}},"specVersion":"v1alpha1","requiredAPIs":[]}
[debug] [2022-12-31T02:25:34.986Z] shutdown requested via /__/quitquitquit

[info] ✔  functions: Loaded functions definitions from source: helloWorld. {"metadata":{"emulator":{"name":"functions"},"message":"Loaded functions definitions from source: helloWorld."}}
[info] ✔  functions[us-central1-helloWorld]: http function initialized (http://127.0.0.1:5001/mealstogo-2889e/us-central1/helloWorld). {"metadata":{"emulator":{"name":"functions"},"message":"\u001b[1mhttp\u001b[22m function initialized (http://127.0.0.1:5001/mealstogo-2889e/us-central1/helloWorld)."}}
[debug] [2022-12-31T02:27:06.082Z] [work-queue] {"queuedWork":["/mealstogo-2889e/us-central1/helloWorld-2022-12-31T02:27:06.082Z"],"queueLength":1,"runningWork":[],"workRunningCount":0}
[debug] [2022-12-31T02:27:06.083Z] [work-queue] {"queuedWork":[],"queueLength":0,"runningWork":["/mealstogo-2889e/us-central1/helloWorld-2022-12-31T02:27:06.082Z"],"workRunningCount":1}
[debug] [2022-12-31T02:27:06.083Z] Accepted request GET /mealstogo-2889e/us-central1/helloWorld --> us-central1-helloWorld
[debug] [2022-12-31T02:27:06.094Z] [functions] Runtime ready! Sending request! {"metadata":{"emulator":{"name":"functions"},"message":"[functions] Runtime ready! Sending request!"}}
[debug] [2022-12-31T02:27:06.095Z] [functions] Got req.url=/mealstogo-2889e/us-central1/helloWorld, mapping to path=/ {"metadata":{"emulator":{"name":"functions"},"message":"[functions] Got req.url=/mealstogo-2889e/us-central1/helloWorld, mapping to path=/"}}
[debug] [2022-12-31T02:27:06.104Z] [worker-pool] addWorker(us-central1-helloWorld) {"metadata":{"emulator":{"name":"functions"},"message":"[worker-pool] addWorker(us-central1-helloWorld)"}}
[debug] [2022-12-31T02:27:06.104Z] [worker-pool] Adding worker with key us-central1-helloWorld, total=1 {"metadata":{"emulator":{"name":"functions"},"message":"[worker-pool] Adding worker with key us-central1-helloWorld, total=1"}}
[debug] [2022-12-31T02:27:06.676Z] [runtime-status] [6742] Resolved module firebase-admin {"declared":true,"installed":true,"version":"10.3.0","resolution":"/Users/jemg/Desktop/projects/MealsToGo/functions/node_modules/firebase-admin/lib/index.js"} {"metadata":{"emulator":{"name":"functions"},"function":{"name":"us-central1-helloWorld"},"extension":{},"message":"[runtime-status] [6742] Resolved module firebase-admin {\"declared\":true,\"installed\":true,\"version\":\"10.3.0\",\"resolution\":\"/Users/jemg/Desktop/projects/MealsToGo/functions/node_modules/firebase-admin/lib/index.js\"}"}}
[debug] [2022-12-31T02:27:06.677Z] [runtime-status] [6742] Resolved module firebase-functions {"declared":true,"installed":true,"version":"3.24.1","resolution":"/Users/jemg/Desktop/projects/MealsToGo/functions/node_modules/firebase-functions/lib/index.js"} {"metadata":{"emulator":{"name":"functions"},"function":{"name":"us-central1-helloWorld"},"extension":{},"message":"[runtime-status] [6742] Resolved module firebase-functions {\"declared\":true,\"installed\":true,\"version\":\"3.24.1\",\"resolution\":\"/Users/jemg/Desktop/projects/MealsToGo/functions/node_modules/firebase-functions/lib/index.js\"}"}}
[debug] [2022-12-31T02:27:06.677Z] [runtime-status] [6742] Outgoing network have been stubbed. [{"name":"http","status":"mocked"},{"name":"http","status":"mocked"},{"name":"https","status":"mocked"},{"name":"https","status":"mocked"},{"name":"net","status":"mocked"}] {"metadata":{"emulator":{"name":"functions"},"function":{"name":"us-central1-helloWorld"},"extension":{},"message":"[runtime-status] [6742] Outgoing network have been stubbed. [{\"name\":\"http\",\"status\":\"mocked\"},{\"name\":\"http\",\"status\":\"mocked\"},{\"name\":\"https\",\"status\":\"mocked\"},{\"name\":\"https\",\"status\":\"mocked\"},{\"name\":\"net\",\"status\":\"mocked\"}]"}}
[debug] [2022-12-31T02:27:06.678Z] [runtime-status] [6742] Resolved module firebase-functions {"declared":true,"installed":true,"version":"3.24.1","resolution":"/Users/jemg/Desktop/projects/MealsToGo/functions/node_modules/firebase-functions/lib/index.js"} {"metadata":{"emulator":{"name":"functions"},"function":{"name":"us-central1-helloWorld"},"extension":{},"message":"[runtime-status] [6742] Resolved module firebase-functions {\"declared\":true,\"installed\":true,\"version\":\"3.24.1\",\"resolution\":\"/Users/jemg/Desktop/projects/MealsToGo/functions/node_modules/firebase-functions/lib/index.js\"}"}}
[debug] [2022-12-31T02:27:06.696Z] [runtime-status] [6742] Checked functions.config() {"config":{}} {"metadata":{"emulator":{"name":"functions"},"function":{"name":"us-central1-helloWorld"},"extension":{},"message":"[runtime-status] [6742] Checked functions.config() {\"config\":{}}"}}
[debug] [2022-12-31T02:27:06.696Z] [runtime-status] [6742] firebase-functions has been stubbed. {"functionsResolution":{"declared":true,"installed":true,"version":"3.24.1","resolution":"/Users/jemg/Desktop/projects/MealsToGo/functions/node_modules/firebase-functions/lib/index.js"}} {"metadata":{"emulator":{"name":"functions"},"function":{"name":"us-central1-helloWorld"},"extension":{},"message":"[runtime-status] [6742] firebase-functions has been stubbed. {\"functionsResolution\":{\"declared\":true,\"installed\":true,\"version\":\"3.24.1\",\"resolution\":\"/Users/jemg/Desktop/projects/MealsToGo/functions/node_modules/firebase-functions/lib/index.js\"}}"}}
[debug] [2022-12-31T02:27:06.696Z] [runtime-status] [6742] Resolved module firebase-functions {"declared":true,"installed":true,"version":"3.24.1","resolution":"/Users/jemg/Desktop/projects/MealsToGo/functions/node_modules/firebase-functions/lib/index.js"} {"metadata":{"emulator":{"name":"functions"},"function":{"name":"us-central1-helloWorld"},"extension":{},"message":"[runtime-status] [6742] Resolved module firebase-functions {\"declared\":true,\"installed\":true,\"version\":\"3.24.1\",\"resolution\":\"/Users/jemg/Desktop/projects/MealsToGo/functions/node_modules/firebase-functions/lib/index.js\"}"}}
[debug] [2022-12-31T02:27:06.697Z] [runtime-status] [6742] Resolved module firebase-admin {"declared":true,"installed":true,"version":"10.3.0","resolution":"/Users/jemg/Desktop/projects/MealsToGo/functions/node_modules/firebase-admin/lib/index.js"} {"metadata":{"emulator":{"name":"functions"},"function":{"name":"us-central1-helloWorld"},"extension":{},"message":"[runtime-status] [6742] Resolved module firebase-admin {\"declared\":true,\"installed\":true,\"version\":\"10.3.0\",\"resolution\":\"/Users/jemg/Desktop/projects/MealsToGo/functions/node_modules/firebase-admin/lib/index.js\"}"}}
[debug] [2022-12-31T02:27:06.697Z] [runtime-status] [6742] Resolved module firebase-functions {"declared":true,"installed":true,"version":"3.24.1","resolution":"/Users/jemg/Desktop/projects/MealsToGo/functions/node_modules/firebase-functions/lib/index.js"} {"metadata":{"emulator":{"name":"functions"},"function":{"name":"us-central1-helloWorld"},"extension":{},"message":"[runtime-status] [6742] Resolved module firebase-functions {\"declared\":true,\"installed\":true,\"version\":\"3.24.1\",\"resolution\":\"/Users/jemg/Desktop/projects/MealsToGo/functions/node_modules/firebase-functions/lib/index.js\"}"}}
[debug] [2022-12-31T02:27:06.697Z] [runtime-status] [6742] firebase-admin has been stubbed. {"adminResolution":{"declared":true,"installed":true,"version":"10.3.0","resolution":"/Users/jemg/Desktop/projects/MealsToGo/functions/node_modules/firebase-admin/lib/index.js"}} {"metadata":{"emulator":{"name":"functions"},"function":{"name":"us-central1-helloWorld"},"extension":{},"message":"[runtime-status] [6742] firebase-admin has been stubbed. {\"adminResolution\":{\"declared\":true,\"installed\":true,\"version\":\"10.3.0\",\"resolution\":\"/Users/jemg/Desktop/projects/MealsToGo/functions/node_modules/firebase-admin/lib/index.js\"}}"}}
[debug] [2022-12-31T02:27:06.700Z] [runtime-status] [6742] Functions runtime initialized. {"cwd":"/Users/jemg/Desktop/projects/MealsToGo/functions","node_version":"18.4.0"} {"metadata":{"emulator":{"name":"functions"},"function":{"name":"us-central1-helloWorld"},"extension":{},"message":"[runtime-status] [6742] Functions runtime initialized. {\"cwd\":\"/Users/jemg/Desktop/projects/MealsToGo/functions\",\"node_version\":\"18.4.0\"}"}}
[debug] [2022-12-31T02:27:06.700Z] [runtime-status] [6742] Listening to port: /var/folders/6q/b49630r96_995pkqf5f5dm9c0000gn/T/fire_emu_68e3b55768aa8d2a.sock {"metadata":{"emulator":{"name":"functions"},"function":{"name":"us-central1-helloWorld"},"extension":{},"message":"[runtime-status] [6742] Listening to port: /var/folders/6q/b49630r96_995pkqf5f5dm9c0000gn/T/fire_emu_68e3b55768aa8d2a.sock"}}
[debug] [2022-12-31T02:27:06.715Z] [worker-us-central1-helloWorld-44a56ac1-d818-4b19-bc89-6be8dbf06868]: IDLE {"metadata":{"emulator":{"name":"functions"},"message":"[worker-us-central1-helloWorld-44a56ac1-d818-4b19-bc89-6be8dbf06868]: IDLE"}}
[debug] [2022-12-31T02:27:06.715Z] [worker-pool] submitRequest(triggerId=us-central1-helloWorld) {"metadata":{"emulator":{"name":"functions"},"message":"[worker-pool] submitRequest(triggerId=us-central1-helloWorld)"}}
[debug] [2022-12-31T02:27:06.715Z] [worker-us-central1-helloWorld-44a56ac1-d818-4b19-bc89-6be8dbf06868]: BUSY {"metadata":{"emulator":{"name":"functions"},"message":"[worker-us-central1-helloWorld-44a56ac1-d818-4b19-bc89-6be8dbf06868]: BUSY"}}
[info] i  functions: Beginning execution of "helloWorld" {"metadata":{"emulator":{"name":"functions"},"function":{"name":"us-central1-helloWorld"},"extension":{},"message":"Beginning execution of \"helloWorld\""}}
[info] >  {"structuredData":true,"severity":"INFO","message":"Hello logs!"} {"user":{"structuredData":true,"severity":"INFO","message":"Hello logs!"},"metadata":{"emulator":{"name":"functions"},"function":{"name":"us-central1-helloWorld"},"extension":{},"message":"\u001b[90m> \u001b[39m {\"structuredData\":true,\"severity\":\"INFO\",\"message\":\"Hello logs!\"}"}}
[debug] [2022-12-31T02:27:06.718Z] [worker-us-central1-helloWorld-44a56ac1-d818-4b19-bc89-6be8dbf06868]: IDLE {"metadata":{"emulator":{"name":"functions"},"message":"[worker-us-central1-helloWorld-44a56ac1-d818-4b19-bc89-6be8dbf06868]: IDLE"}}
[debug] [2022-12-31T02:27:06.718Z] [work-queue] {"queuedWork":[],"queueLength":0,"runningWork":[],"workRunningCount":0}
[info] i  functions: Finished "helloWorld" in 1.24975ms {"metadata":{"emulator":{"name":"functions"},"function":{"name":"us-central1-helloWorld"},"extension":{},"message":"Finished \"helloWorld\" in 1.24975ms"}}
[debug] [2022-12-31T02:27:06.815Z] Functions emulator received unknown request at path /favicon.ico
